[2016-08-18 19:21:50] log.WARNING: Start [] []
[2016-08-18 19:22:48] log.WARNING: Started [] []
[2016-08-18 19:22:49] log.WARNING: Acess token entered: test [] []
[2016-08-18 19:24:10] log.WARNING: Started [] []
[2016-08-18 19:24:11] log.WARNING: Acess token entered: asdf [] []
[2016-08-18 19:24:15] log.WARNING: Started [] []
[2016-08-18 19:24:16] log.WARNING: Acess token entered: test [] []
[2016-08-18 19:24:17] log.WARNING: Listing all moments [] []
[2016-08-18 19:24:22] log.WARNING: Started [] []
[2016-08-18 19:24:23] log.WARNING: Acess token entered: YKeb2VsiQLZshq3Xtlci95fehhcgiA [] []
[2016-08-18 19:24:24] log.WARNING: Listing all moments [] []
[2016-08-18 19:24:33] log.WARNING: Started [] []
[2016-08-18 19:24:34] log.WARNING: Acess token entered: YKeb2VsiQLZshq3Xtlci95fehhcgiA [] []
[2016-08-18 19:24:35] log.WARNING: Listing all moments [] []
[2016-08-18 19:26:04] log.WARNING: Started [] []
[2016-08-18 19:26:05] log.WARNING: Acess token entered: YKeb2VsiQLZshq3Xtlci95fehhcgiA [] []
[2016-08-18 19:26:06] log.WARNING: Listing all moments [] []
[2016-08-18 19:26:13] log.WARNING: Started [] []
[2016-08-18 19:26:14] log.WARNING: Acess token entered: YKeb2VsiQLZshq3Xtlci95fehhcgiA [] []
[2016-08-18 19:26:15] log.WARNING: Listing all moments [] []
[2016-08-18 19:27:18] log.WARNING: Started [] []
[2016-08-18 19:27:20] log.WARNING: Acess token entered:     'verify' => 'false' [] []
[2016-08-18 19:27:26] log.WARNING: Started [] []
[2016-08-18 19:27:29] log.WARNING: Acess token entered: YKeb2VsiQLZshq3Xtlci95fehhcgiA [] []
[2016-08-18 19:27:29] log.WARNING: Listing all moments [] []
[2016-08-18 19:30:39] log.WARNING: Started [] []
[2016-08-18 19:30:45] log.WARNING: Acess token entered: YKeb2VsiQLZshq3Xtlci95fehhcgiA [] []
[2016-08-18 19:30:45] log.WARNING: Listing all moments [] []
[2016-08-18 19:31:51] log.WARNING: Started [] []
[2016-08-18 19:31:52] log.WARNING: Acess token entered: 1 [] []
[2016-08-18 19:32:01] log.WARNING: Started [] []
[2016-08-18 19:32:02] log.WARNING: Acess token entered: YKeb2VsiQLZshq3Xtlci95fehhcgiA [] []
[2016-08-18 19:32:03] log.WARNING: Listing all moments [] []
[2016-08-18 19:32:37] log.WARNING: Started [] []
[2016-08-18 19:32:39] log.WARNING: Acess token entered: YKeb2VsiQLZshq3Xtlci95fehhcgiA [] []
[2016-08-18 19:32:40] log.WARNING: Listing all moments [] []
[2016-08-18 19:33:03] log.WARNING: Started [] []
[2016-08-18 19:33:04] log.WARNING: Acess token entered: 1 [] []
[2016-08-18 19:33:06] log.WARNING: Started [] []
[2016-08-18 19:33:07] log.WARNING: Acess token entered: YKeb2VsiQLZshq3Xtlci95fehhcgiA [] []
[2016-08-18 19:33:08] log.WARNING: Listing all moments [] []
[2016-08-18 19:34:02] log.WARNING: Started [] []
[2016-08-18 19:34:05] log.WARNING: Acess token entered: YKeb2VsiQLZshq3Xtlci95fehhcgiA [] []
[2016-08-18 19:35:47] log.WARNING: Started [] []
[2016-08-18 19:35:48] log.WARNING: Acess token entered: YKeb2VsiQLZshq3Xtlci95fehhcgiA [] []
[2016-08-18 19:35:52] log.WARNING: Started [] []
[2016-08-18 19:35:54] log.WARNING: Acess token entered: YKeb2VsiQLZshq3Xtlci95fehhcgiA [] []
[2016-08-18 19:36:11] log.WARNING: Started [] []
[2016-08-18 19:36:12] log.WARNING: Acess token entered: YKeb2VsiQLZshq3Xtlci95fehhcgiA [] []
[2016-08-18 19:36:26] log.WARNING: Started [] []
[2016-08-18 19:36:27] log.WARNING: Acess token entered: YKeb2VsiQLZshq3Xtlci95fehhcgiA [] []
[2016-08-18 19:36:40] log.WARNING: Started [] []
[2016-08-18 19:36:41] log.WARNING: Acess token entered: YKeb2VsiQLZshq3Xtlci95fehhcgiA [] []
[2016-08-18 19:36:48] log.WARNING: Started [] []
[2016-08-18 19:36:49] log.WARNING: Acess token entered: YKeb2VsiQLZshq3Xtlci95fehhcgiA [] []
[2016-08-18 19:36:57] log.WARNING: Started [] []
[2016-08-18 19:36:58] log.WARNING: Acess token entered: YKeb2VsiQLZshq3Xtlci95fehhcgiA [] []
[2016-08-18 19:37:38] log.WARNING: Started [] []
[2016-08-18 19:37:39] log.WARNING: Acess token entered: YKeb2VsiQLZshq3Xtlci95fehhcgiA [] []
[2016-08-18 19:37:45] log.WARNING: Started [] []
[2016-08-18 19:37:46] log.WARNING: Acess token entered: YKeb2VsiQLZshq3Xtlci95fehhcgiA [] []
[2016-08-18 19:38:55] log.WARNING: Started [] []
[2016-08-18 19:38:57] log.WARNING: Acess token entered: YKeb2VsiQLZshq3Xtlci95fehhcgiA [] []
[2016-08-18 19:41:03] log.WARNING: Started [] []
[2016-08-18 19:41:04] log.WARNING: Acess token entered: YKeb2VsiQLZshq3Xtlci95fehhcgiA [] []
[2016-08-18 19:43:12] log.WARNING: Started [] []
[2016-08-18 19:43:13] log.WARNING: Acess token entered: YKeb2VsiQLZshq3Xtlci95fehhcgiA [] []
[2016-08-18 19:43:31] log.WARNING: Started [] []
[2016-08-18 19:43:32] log.WARNING: Acess token entered:  [] []
[2016-08-18 19:43:48] log.WARNING: Started [] []
[2016-08-18 19:43:49] log.WARNING: Acess token entered: YKeb2VsiQLZshq3Xtlci95fehhcgiA [] []
[2016-08-18 19:44:16] log.WARNING: Started [] []
[2016-08-18 19:44:18] log.WARNING: Acess token entered: YKeb2VsiQLZshq3Xtlci95fehhcgiA [] []
[2016-08-18 19:45:04] log.WARNING: Started [] []
[2016-08-18 19:45:05] log.WARNING: Acess token entered: YKeb2VsiQLZshq3Xtlci95fehhcgiA [] []
[2016-08-18 19:45:15] log.WARNING: Started [] []
[2016-08-18 19:45:15] log.WARNING: Acess token entered: $guzzle->setDefaultOption('verify', 'ca-bundle.crt'); [] []
[2016-08-18 19:45:20] log.WARNING: Started [] []
[2016-08-18 19:45:24] log.WARNING: Acess token entered: YKeb2VsiQLZshq3Xtlci95fehhcgiA [] []
[2016-08-18 19:45:25] log.WARNING: Listing all moments [] []
[2016-08-18 19:45:39] log.WARNING: Started [] []
[2016-08-18 19:45:40] log.WARNING: Acess token entered: YKeb2VsiQLZshq3Xtlci95fehhcgiA [] []
[2016-08-18 19:45:41] log.WARNING: Listing all moments [] []
[2016-08-18 19:45:59] log.WARNING: Started [] []
[2016-08-18 19:46:00] log.WARNING: Acess token entered: YKeb2VsiQLZshq3Xtlci95fehhcgiA [] []
[2016-08-18 19:46:00] log.WARNING: Listing all moments [] []
[2016-08-18 20:47:32] log.WARNING: Started [] []
[2016-08-18 20:47:33] log.WARNING: Acess token entered: YKeb2VsiQLZshq3Xtlci95fehhcgiA [] []
[2016-08-18 20:47:33] log.WARNING: Listing all moments [] []
[2016-08-18 20:49:29] log.WARNING: Started [] []
[2016-08-18 20:49:30] log.WARNING: Acess token entered: YKeb2VsiQLZshq3Xtlci95fehhcgiA [] []
[2016-08-18 20:49:41] log.WARNING: Started [] []
[2016-08-18 20:49:42] log.WARNING: Acess token entered: YKeb2VsiQLZshq3Xtlci95fehhcgiA [] []
[2016-08-18 20:50:06] log.WARNING: Started [] []
[2016-08-18 20:50:06] log.WARNING: Acess token entered: YKeb2VsiQLZshq3Xtlci95fehhcgiA [] []
[2016-08-18 20:50:19] log.WARNING: Started [] []
[2016-08-18 20:50:23] log.WARNING: Acess token entered: YKeb2VsiQLZshq3Xtlci95fehhcgiA [] []
[2016-08-18 20:50:28] log.WARNING: Started [] []
[2016-08-18 20:50:36] log.WARNING: Acess token entered: YKeb2VsiQLZshq3Xtlci95fehhcgiA [] []
[2016-08-18 20:51:45] log.WARNING: Started [] []
[2016-08-18 20:51:56] log.WARNING: Acess token entered: el9UAbYUP2tLgWoH6JDzMpJp290FWS [] []
[2016-08-18 20:51:56] log.WARNING: Listing all moments [] []
[2016-08-18 20:54:05] log.WARNING: Started [] []
[2016-08-18 20:54:05] log.WARNING: Acess token entered: el9UAbYUP2tLgWoH6JDzMpJp290FWS [] []
[2016-08-18 20:54:49] log.WARNING: Started [] []
[2016-08-18 20:54:50] log.WARNING: Acess token entered: el9UAbYUP2tLgWoH6JDzMpJp290FWS [] []
[2016-08-18 20:54:50] log.WARNING: Listing all moments [] []
[2016-08-18 20:54:57] log.WARNING: Started [] []
[2016-08-18 20:54:59] log.WARNING: Acess token entered: el9UAbYUP2tLgWoH6JDzMpJp290FWS [] []
[2016-08-18 20:55:17] log.WARNING: Started [] []
[2016-08-18 20:55:18] log.WARNING: Acess token entered: el9UAbYUP2tLgWoH6JDzMpJp290FWS [] []
[2016-08-18 20:55:48] log.WARNING: Started [] []
[2016-08-18 20:55:49] log.WARNING: Acess token entered: el9UAbYUP2tLgWoH6JDzMpJp290FWS [] []
[2016-08-18 20:56:04] log.WARNING: Started [] []
[2016-08-18 20:56:05] log.WARNING: Acess token entered: el9UAbYUP2tLgWoH6JDzMpJp290FWS [] []
[2016-08-18 20:56:46] log.WARNING: Started [] []
[2016-08-18 20:56:47] log.WARNING: Acess token entered: el9UAbYUP2tLgWoH6JDzMpJp290FWS [] []
[2016-08-18 20:57:30] log.WARNING: Started [] []
[2016-08-18 20:57:31] log.WARNING: Acess token entered: el9UAbYUP2tLgWoH6JDzMpJp290FWS [] []
[2016-08-18 20:57:46] log.WARNING: Started [] []
[2016-08-18 20:57:47] log.WARNING: Acess token entered: el9UAbYUP2tLgWoH6JDzMpJp290FWS [] []
[2016-08-18 20:58:09] log.WARNING: Started [] []
[2016-08-18 20:58:10] log.WARNING: Acess token entered: el9UAbYUP2tLgWoH6JDzMpJp290FWS [] []
[2016-08-18 20:58:10] log.WARNING: Listing all moments [] []
[2016-08-18 21:00:53] log.WARNING: Started [] []
[2016-08-18 21:00:56] log.WARNING: Acess token entered: el9UAbYUP2tLgWoH6JDzMpJp290FWS [] []
[2016-08-18 21:00:57] log.WARNING: Listing all moments [] []
[2016-08-18 21:01:25] log.WARNING: Started [] []
[2016-08-18 21:01:26] log.WARNING: Acess token entered: el9UAbYUP2tLgWoH6JDzMpJp290FWS [] []
[2016-08-18 21:01:27] log.WARNING: Listing all moments [] []
[2016-08-18 21:02:03] log.WARNING: Started [] []
[2016-08-18 21:02:04] log.WARNING: Acess token entered: el9UAbYUP2tLgWoH6JDzMpJp290FWS [] []
[2016-08-18 21:02:05] log.WARNING: Getting all moments, please wait... [] []
[2016-08-18 21:03:28] log.WARNING: Started [] []
[2016-08-18 21:03:30] log.WARNING: Acess token entered: el9UAbYUP2tLgWoH6JDzMpJp290FWS [] []
[2016-08-18 21:03:31] log.WARNING: Getting all moments, please wait... [] []
[2016-08-18 21:05:30] log.WARNING: Started [] []
[2016-08-18 21:05:32] log.WARNING: Acess token entered: el9UAbYUP2tLgWoH6JDzMpJp290FWS [] []
[2016-08-18 21:05:32] log.WARNING: Getting all moments, please wait... [] []
[2016-08-18 21:07:14] log.WARNING: Started [] []
[2016-08-18 21:07:15] log.WARNING: Acess token entered: el9UAbYUP2tLgWoH6JDzMpJp290FWS [] []
[2016-08-18 21:07:16] log.WARNING: Getting all moments, please wait... [] []
[2016-08-18 21:07:39] log.WARNING: Started [] []
[2016-08-18 21:07:40] log.WARNING: Acess token entered: 1 [] []
[2016-08-18 21:07:45] log.WARNING: Started [] []
[2016-08-18 21:07:49] log.WARNING: Acess token entered: el9UAbYUP2tLgWoH6JDzMpJp290FW [] []
[2016-08-18 21:07:50] log.WARNING: Getting all moments, please wait... [] []
[2016-08-18 21:07:53] log.WARNING: Started [] []
[2016-08-18 21:07:56] log.WARNING: Acess token entered: el9UAbYUP2tLgWoH6JDzMpJp290FWS [] []
[2016-08-18 21:07:57] log.WARNING: Getting all moments, please wait... [] []
[2016-08-18 21:08:16] log.WARNING: Started [] []
[2016-08-18 21:08:17] log.WARNING: Acess token entered: el9UAbYUP2tLgWoH6JDzMpJp290FWS [] []
[2016-08-18 21:08:18] log.WARNING: Getting all moments, please wait... [] []
[2016-08-18 21:08:41] log.WARNING: Started [] []
[2016-08-18 21:08:44] log.WARNING: Acess token entered: el9UAbYUP2tLgWoH6JDzMpJp290FWS [] []
[2016-08-18 21:08:45] log.WARNING: Getting all moments, please wait... [] []
[2016-08-18 21:08:59] log.WARNING: Started [] []
[2016-08-18 21:09:00] log.WARNING: Acess token entered: el9UAbYUP2tLgWoH6JDzMpJp290FWS [] []
[2016-08-18 21:09:00] log.WARNING: Getting all moments, please wait... [] []
[2016-08-18 21:09:50] log.WARNING: Started [] []
[2016-08-18 21:09:53] log.WARNING: Acess token entered: el9UAbYUP2tLgWoH6JDzMpJp290FWS [] []
[2016-08-18 21:09:53] log.WARNING: Getting all moments, please wait... [] []
[2016-08-18 21:10:19] log.WARNING: Started [] []
[2016-08-18 21:10:22] log.WARNING: Acess token entered: el9UAbYUP2tLgWoH6JDzMpJp290FWS [] []
[2016-08-18 21:10:23] log.WARNING: Getting all moments, please wait... [] []
[2016-08-18 21:13:46] log.WARNING: Started [] []
[2016-08-18 21:13:47] log.WARNING: Acess token entered: el9UAbYUP2tLgWoH6JDzMpJp290FWS [] []
[2016-08-18 21:13:55] log.WARNING: Started [] []
[2016-08-18 21:13:56] log.WARNING: Acess token entered: el9UAbYUP2tLgWoH6JDzMpJp290FWS [] []
[2016-08-18 21:14:12] log.WARNING: Started [] []
[2016-08-18 21:14:13] log.WARNING: Acess token entered: el9UAbYUP2tLgWoH6JDzMpJp290FWS [] []
[2016-08-18 21:19:30] log.WARNING: Started [] []
[2016-08-18 21:19:33] log.WARNING: Acess token entered: el9UAbYUP2tLgWoH6JDzMpJp290FWS [] []
[2016-08-18 21:20:14] log.WARNING: Started [] []
[2016-08-18 21:20:17] log.WARNING: Started [] []
[2016-08-18 21:20:20] log.WARNING: Acess token entered: el9UAbYUP2tLgWoH6JDzMpJp290FWS [] []
[2016-08-18 21:27:13] log.WARNING: Started [] []
[2016-08-18 21:27:14] log.WARNING: Acess token entered: el9UAbYUP2tLgWoH6JDzMpJp290FWS [] []
[2016-08-18 21:28:51] log.WARNING: Started [] []
[2016-08-18 21:28:56] log.WARNING: Acess token entered: el9UAbYUP2tLgWoH6JDzMpJp290FWS [] []
[2016-08-18 21:30:48] log.WARNING: Started [] []
[2016-08-18 21:30:52] log.WARNING: Acess token entered: el9UAbYUP2tLgWoH6JDzMpJp290FWS [] []
[2016-08-18 21:31:59] log.WARNING: Started [] []
[2016-08-18 21:32:00] log.WARNING: Acess token entered: el9UAbYUP2tLgWoH6JDzMpJp290FWS [] []
[2016-08-18 21:32:28] log.WARNING: Started [] []
[2016-08-18 21:32:29] log.WARNING: Acess token entered: 2 [] []
[2016-08-18 21:32:32] log.WARNING: Started [] []
[2016-08-18 21:32:34] log.WARNING: Acess token entered: el9UAbYUP2tLgWoH6JDzMpJp290FWS [] []
[2016-08-18 21:33:00] log.WARNING: Started [] []
[2016-08-18 21:33:03] log.WARNING: Acess token entered: el9UAbYUP2tLgWoH6JDzMpJp290FWS [] []
[2016-08-18 21:34:46] log.WARNING: Started [] []
[2016-08-18 21:34:47] log.WARNING: Acess token entered: el9UAbYUP2tLgWoH6JDzMpJp290FWS [] []
[2016-08-18 21:39:43] log.WARNING: Started [] []
[2016-08-18 21:39:44] log.WARNING: Acess token entered: el9UAbYUP2tLgWoH6JDzMpJp290FWS [] []
[2016-08-18 21:42:21] log.WARNING: Started [] []
[2016-08-18 21:42:24] log.WARNING: Acess token entered: el9UAbYUP2tLgWoH6JDzMpJp290FWS [] []
[2016-08-18 21:42:56] log.WARNING: Started [] []
[2016-08-18 21:43:06] log.WARNING: Acess token entered: el9UAbYUP2tLgWoH6JDzMpJp290FWS [] []
[2016-08-18 21:49:37] log.WARNING: Started [] []
[2016-08-18 21:49:38] log.WARNING: Acess token entered: el9UAbYUP2tLgWoH6JDzMpJp290FWS [] []
[2016-08-18 21:50:07] log.WARNING: Started [] []
[2016-08-18 21:50:12] log.WARNING: Acess token entered: el9UAbYUP2tLgWoH6JDzMpJp290FWS [] []
[2016-08-18 21:53:20] log.WARNING: Started [] []
[2016-08-18 21:53:22] log.WARNING: Acess token entered: el9UAbYUP2tLgWoH6JDzMpJp290FWS [] []
[2016-08-18 21:54:30] log.WARNING: Started [] []
[2016-08-18 21:54:31] log.WARNING: Acess token entered: el9UAbYUP2tLgWoH6JDzMpJp290FWS [] []
[2016-08-18 22:00:25] log.WARNING: Started [] []
[2016-08-18 22:00:25] log.WARNING: Acess token entered: el9UAbYUP2tLgWoH6JDzMpJp290FWS [] []
[2016-08-18 22:02:04] log.WARNING: Started [] []
[2016-08-18 22:02:10] log.WARNING: Acess token entered: el9UAbYUP2tLgWoH6JDzMpJp290FWS [] []
[2016-08-18 22:02:13] log.WARNING: Started [] []
[2016-08-18 22:02:16] log.WARNING: Acess token entered: el9UAbYUP2tLgWoH6JDzMpJp290FWS [] []
[2016-08-18 22:10:46] log.WARNING: Started [] []
[2016-08-18 22:10:50] log.WARNING: Acess token entered: el9UAbYUP2tLgWoH6JDzMpJp290FWS [] []
[2016-08-18 22:11:19] log.WARNING: Started [] []
[2016-08-18 22:11:21] log.WARNING: Acess token entered: el9UAbYUP2tLgWoH6JDzMpJp290FWS [] []
[2016-08-18 22:11:43] log.WARNING: Started [] []
[2016-08-18 22:11:47] log.WARNING: Acess token entered: el9UAbYUP2tLgWoH6JDzMpJp290FWS [] []
[2016-08-18 22:15:28] log.WARNING: Started [] []
[2016-08-18 22:15:29] log.WARNING: Acess token entered: 2 [] []
[2016-08-18 22:15:33] log.WARNING: Started [] []
[2016-08-18 22:15:34] log.WARNING: Acess token entered: el9UAbYUP2tLgWoH6JDzMpJp290FWS [] []
[2016-08-18 22:21:23] log.WARNING: Started [] []
[2016-08-18 22:21:27] log.WARNING: Acess token entered: el9UAbYUP2tLgWoH6JDzMpJp290FWS [] []
[2016-08-18 23:26:54] log.WARNING: Started [] []
[2016-08-18 23:26:57] log.WARNING: Acess token entered: el9UAbYUP2tLgWoH6JDzMpJp290FWS [] []
[2016-08-18 23:27:36] log.WARNING: Started [] []
[2016-08-18 23:27:41] log.WARNING: Acess token entered: el9UAbYUP2tLgWoH6JDzMpJp290FWS [] []
[2016-08-18 23:29:50] log.WARNING: Started [] []
[2016-08-18 23:29:51] log.WARNING: Acess token entered: el9UAbYUP2tLgWoH6JDzMpJp290FWS [] []
[2016-08-18 23:30:50] log.WARNING: Started [] []
[2016-08-18 23:30:55] log.WARNING: Acess token entered: el9UAbYUP2tLgWoH6JDzMpJp290FWS [] []
[2016-08-18 23:32:58] log.WARNING: Started [] []
[2016-08-18 23:32:59] log.WARNING: Acess token entered: el9UAbYUP2tLgWoH6JDzMpJp290FWS [] []
[2016-08-18 23:39:36] log.WARNING: Started [] []
[2016-08-18 23:39:39] log.WARNING: Acess token entered: el9UAbYUP2tLgWoH6JDzMpJp290FWS [] []
[2016-08-18 23:40:11] log.WARNING: Started [] []
[2016-08-18 23:40:13] log.WARNING: Acess token entered: el9UAbYUP2tLgWoH6JDzMpJp290FWS [] []
[2016-08-18 23:41:10] log.WARNING: Started [] []
[2016-08-18 23:41:14] log.WARNING: Acess token entered: el9UAbYUP2tLgWoH6JDzMpJp290FWS [] []
[2016-08-18 23:46:04] log.WARNING: Started [] []
[2016-08-18 23:46:04] log.WARNING: Acess token entered: el9UAbYUP2tLgWoH6JDzMpJp290FWS [] []
[2016-08-18 23:46:31] log.WARNING: Started [] []
[2016-08-18 23:46:34] log.WARNING: Acess token entered: el9UAbYUP2tLgWoH6JDzMpJp290FWS [] []
[2016-08-18 23:51:38] log.WARNING: Started [] []
[2016-08-18 23:51:40] log.WARNING: Acess token entered:  [] []
[2016-08-18 23:57:10] log.WARNING: Started [] []
[2016-08-18 23:57:13] log.WARNING: Acess token entered: el9UAbYUP2tLgWoH6JDzMpJp290FWS [] []
[2016-08-18 23:57:57] log.WARNING: Started [] []
[2016-08-18 23:58:02] log.WARNING: Acess token entered: el9UAbYUP2tLgWoH6JDzMpJp290FWS [] []
[2016-08-18 23:58:33] log.WARNING: Started [] []
[2016-08-18 23:58:36] log.WARNING: Acess token entered: el9UAbYUP2tLgWoH6JDzMpJp290FWS [] []
[2016-08-18 23:59:57] log.WARNING: Started [] []
[2016-08-18 23:59:57] log.WARNING: Acess token entered: 2 [] []
[2016-08-18 23:59:59] log.WARNING: Started [] []
[2016-08-19 00:00:00] log.WARNING: Acess token entered: el9UAbYUP2tLgWoH6JDzMpJp290FWS [] []
[2016-08-19 00:00:02] log.WARNING: Started [] []
[2016-08-19 00:00:04] log.WARNING: Acess token entered: el9UAbYUP2tLgWoH6JDzMpJp290FWS [] []
[2016-08-19 00:00:34] log.WARNING: Started [] []
[2016-08-19 00:00:35] log.WARNING: Acess token entered: el9UAbYUP2tLgWoH6JDzMpJp290FWS [] []
[2016-08-19 00:00:59] log.WARNING: Started [] []
[2016-08-19 00:01:01] log.WARNING: Acess token entered: el9UAbYUP2tLgWoH6JDzMpJp290FWS [] []
[2016-08-19 00:01:13] log.WARNING: Started [] []
[2016-08-19 00:01:14] log.WARNING: Acess token entered: el9UAbYUP2tLgWoH6JDzMpJp290FWS [] []
[2016-08-19 00:01:31] log.WARNING: Started [] []
[2016-08-19 00:01:32] log.WARNING: Acess token entered: el9UAbYUP2tLgWoH6JDzMpJp290FWS [] []
[2016-08-19 00:01:45] log.WARNING: Started [] []
[2016-08-19 00:01:47] log.WARNING: Acess token entered: el9UAbYUP2tLgWoH6JDzMpJp290FWS [] []
[2016-08-19 00:02:00] log.WARNING: Started [] []
[2016-08-19 00:02:01] log.WARNING: Acess token entered: el9UAbYUP2tLgWoH6JDzMpJp290FWS [] []
[2016-08-19 00:02:14] log.WARNING: Started [] []
[2016-08-19 00:02:15] log.WARNING: Acess token entered: el9UAbYUP2tLgWoH6JDzMpJp290FWS [] []
[2016-08-19 00:03:22] log.WARNING: Started [] []
[2016-08-19 00:03:24] log.WARNING: Acess token entered: el9UAbYUP2tLgWoH6JDzMpJp290FWS [] []
[2016-08-19 00:03:55] log.WARNING: Started [] []
[2016-08-19 00:03:56] log.WARNING: Acess token entered: el9UAbYUP2tLgWoH6JDzMpJp290FWS [] []
[2016-08-19 00:04:11] log.WARNING: Started [] []
[2016-08-19 00:04:12] log.WARNING: Acess token entered: el9UAbYUP2tLgWoH6JDzMpJp290FWS [] []
[2016-08-19 00:06:19] log.WARNING: Started [] []
[2016-08-19 00:06:22] log.WARNING: Acess token entered: el9UAbYUP2tLgWoH6JDzMpJp290FWS [] []
[2016-08-19 00:13:36] log.WARNING: Started [] []
[2016-08-19 00:13:37] log.WARNING: Acess token entered: el9UAbYUP2tLgWoH6JDzMpJp290FWS [] []
[2016-08-19 00:17:01] log.WARNING: Started [] []
[2016-08-19 00:17:02] log.WARNING: Acess token entered: el9UAbYUP2tLgWoH6JDzMpJp290FWS [] []
[2016-08-19 00:17:29] log.WARNING: Started [] []
[2016-08-19 00:17:32] log.WARNING: Acess token entered: el9UAbYUP2tLgWoH6JDzMpJp290FWS [] []
[2016-08-19 00:18:43] log.WARNING: Started [] []
[2016-08-19 00:18:44] log.WARNING: Acess token entered: el9UAbYUP2tLgWoH6JDzMpJp290FWS [] []
[2016-08-19 00:19:56] log.WARNING: Started [] []
[2016-08-19 00:19:56] log.WARNING: Acess token entered: el9UAbYUP2tLgWoH6JDzMpJp290FWS [] []
[2016-08-19 00:20:12] log.WARNING: Started [] []
[2016-08-19 00:20:13] log.WARNING: Acess token entered: el9UAbYUP2tLgWoH6JDzMpJp290FWS [] []
[2016-08-19 00:20:31] log.WARNING: Started [] []
[2016-08-19 00:20:32] log.WARNING: Acess token entered: el9UAbYUP2tLgWoH6JDzMpJp290FWS [] []
[2016-08-19 00:26:32] log.WARNING: Started [] []
[2016-08-19 00:26:34] log.WARNING: Acess token entered: el9UAbYUP2tLgWoH6JDzMpJp290FWS [] []
[2016-08-19 00:27:35] log.WARNING: Started [] []
[2016-08-19 00:27:36] log.WARNING: Acess token entered: el9UAbYUP2tLgWoH6JDzMpJp290FWS [] []
[2016-08-19 00:29:24] log.WARNING: Started [] []
[2016-08-19 00:29:26] log.WARNING: Acess token entered: el9UAbYUP2tLgWoH6JDzMpJp290FWS [] []
[2016-08-19 12:40:05] log.WARNING: Started [] []
[2016-08-19 12:40:15] log.WARNING: Acess token entered: oK7Mo6tCbAojogbYrTKCxnagHVRHW5 [] []
[2016-08-19 12:53:52] log.WARNING: Started [] []
[2016-08-19 12:53:53] log.WARNING: Acess token entered: oK7Mo6tCbAojogbYrTKCxnagHVRHW5 [] []
[2016-08-19 12:55:03] log.WARNING: Started [] []
[2016-08-19 12:55:04] log.WARNING: Acess token entered: oK7Mo6tCbAojogbYrTKCxnagHVRHW5 [] []
[2016-08-19 13:04:18] log.WARNING: Started [] []
[2016-08-19 13:04:21] log.WARNING: Acess token entered: oK7Mo6tCbAojogbYrTKCxnagHVRHW5 [] []
[2016-08-19 13:05:05] log.WARNING: Started [] []
[2016-08-19 13:05:06] log.WARNING: Acess token entered: oK7Mo6tCbAojogbYrTKCxnagHVRHW5 [] []
[2016-08-19 13:16:32] log.WARNING: Started [] []
[2016-08-19 13:16:37] log.WARNING: Access token entered: oK7Mo6tCbAojogbYrTKCxnagHVRHW5 [] []
[2016-08-19 13:16:39] log.WARNING: Started [] []
[2016-08-19 13:16:50] log.WARNING: Started [] []
[2016-08-19 13:17:47] log.WARNING: Started [] []
[2016-08-19 13:18:04] log.WARNING: Started [] []
[2016-08-19 13:22:26] log.WARNING: Started [] []
[2016-08-19 13:22:39] log.WARNING: Started [] []
[2016-08-19 13:25:29] log.WARNING: Started [] []
[2016-08-19 13:26:13] log.WARNING: Started [] []
[2016-08-19 13:53:26] log.WARNING: Started [] []
[2016-08-19 13:54:36] log.WARNING: Started [] []
[2016-08-19 13:56:27] log.WARNING: Started [] []
[2016-08-19 13:58:18] log.WARNING: Started [] []
[2016-08-19 13:58:41] log.WARNING: Started [] []
[2016-08-19 14:14:27] log.WARNING: Started [] []
[2016-08-19 16:32:52] log.WARNING: Started [] []
[2016-08-19 16:33:41] log.WARNING: Started [] []
[2016-08-19 16:34:19] log.WARNING: Started [] []
[2016-08-19 16:35:00] log.WARNING: Started [] []
[2016-08-19 16:37:18] log.WARNING: Started [] []
[2016-08-19 16:38:05] log.WARNING: Started [] []
[2016-08-19 16:38:23] log.WARNING: Started [] []
[2016-08-19 16:39:17] log.WARNING: Started [] []
[2016-08-19 16:39:43] log.WARNING: Started [] []
[2016-08-19 16:40:26] log.WARNING: Started [] []
[2016-08-19 16:41:04] log.WARNING: Started [] []
[2016-08-19 16:42:26] log.WARNING: Started [] []
[2016-08-19 16:43:41] log.WARNING: Started [] []
[2016-08-19 16:43:54] log.WARNING: Started [] []
[2016-08-19 16:44:17] log.WARNING: Started [] []
[2016-08-19 16:44:47] log.WARNING: Started [] []
[2016-08-19 16:47:23] log.WARNING: Started [] []
[2016-08-19 16:50:53] log.WARNING: Started [] []
[2016-08-19 16:53:11] log.WARNING: Started [] []
[2016-08-19 16:53:56] log.WARNING: Started [] []
[2016-08-19 16:54:32] log.WARNING: Started [] []
[2016-08-19 16:55:01] log.WARNING: Started [] []
[2016-08-19 16:55:51] log.WARNING: Started [] []
[2016-08-19 16:56:45] log.WARNING: Started [] []
[2016-08-19 16:57:02] log.WARNING: Started [] []
[2016-08-19 16:57:18] log.WARNING: Started [] []
[2016-08-19 16:57:35] log.WARNING: Started [] []
[2016-08-19 16:57:45] log.WARNING: Started [] []
[2016-08-19 16:59:35] log.WARNING: Started [] []
[2016-08-19 17:01:14] log.WARNING: Started [] []
[2016-08-19 17:01:39] log.WARNING: Started [] []
[2016-08-19 17:04:02] log.WARNING: Started [] []
[2016-08-19 17:05:02] log.WARNING: Started [] []
[2016-08-19 18:19:41] log.WARNING: Started [] []
[2016-08-19 18:20:22] log.WARNING: Started [] []
[2016-08-19 18:20:48] log.WARNING: Started [] []
[2016-08-19 18:23:40] log.WARNING: Started [] []
[2016-08-19 18:26:44] log.WARNING: Started [] []
[2016-08-19 18:29:39] log.WARNING: Started [] []
[2016-08-19 18:30:00] log.WARNING: Started [] []
[2016-08-19 18:32:04] log.WARNING: Started [] []
[2016-08-19 18:32:29] log.WARNING: Started [] []
[2016-08-19 18:34:25] log.WARNING: Started [] []
[2016-08-19 18:38:06] log.WARNING: Started [] []
[2016-08-19 18:43:04] log.WARNING: Started [] []
[2016-08-19 18:54:57] log.WARNING: Started [] []
[2016-08-19 19:31:15] log.WARNING: Started [] []
[2016-08-19 19:34:18] log.WARNING: Started [] []
[2016-08-19 19:35:23] log.WARNING: Started [] []
[2016-08-19 19:35:29] log.WARNING: Access token entered: oK7Mo6tCbAojogbYrTKCxnagHVRHW5 [] []
[2016-08-19 19:35:38] log.WARNING: Started [] []
[2016-08-19 19:38:20] log.WARNING: Started [] []
[2016-08-19 19:39:15] log.WARNING: Started [] []
[2016-08-19 19:42:31] log.WARNING: Started [] []
[2016-08-19 19:42:37] log.WARNING: Started [] []
[2016-08-19 19:42:56] log.WARNING: Started [] []
[2016-08-19 19:42:59] log.WARNING: Started [] []
[2016-08-19 19:44:12] log.WARNING: Started [] []
[2016-08-19 19:44:19] log.WARNING: Started [] []
[2016-08-19 19:45:30] log.WARNING: Started [] []
[2016-08-19 19:45:38] log.WARNING: Started [] []
[2016-08-19 20:16:30] log.WARNING: Started [] []
[2016-08-19 20:21:58] log.WARNING: Started [] []
[2016-08-19 20:22:54] log.WARNING: Started [] []
[2016-08-19 20:24:43] log.WARNING: Started [] []
[2016-08-19 20:25:45] log.WARNING: Started [] []
[2016-08-19 20:28:18] log.WARNING: Started [] []
[2016-08-19 20:31:51] log.WARNING: Started [] []
[2016-08-19 20:37:39] log.WARNING: Started [] []
[2016-08-19 20:38:11] log.WARNING: Started [] []
[2016-08-19 20:38:32] log.WARNING: Started [] []
[2016-08-19 20:38:48] log.WARNING: Started [] []
[2016-08-19 20:41:31] log.WARNING: Started [] []
[2016-08-19 20:58:53] log.WARNING: Started [] []
[2016-08-19 20:59:22] log.WARNING: Started [] []
[2016-08-19 21:07:00] log.WARNING: Started [] []
[2016-08-19 21:44:37] log.WARNING: Started [] []
[2016-08-19 22:45:52] log.WARNING: Started [] []
[2016-08-20 15:25:12] log.WARNING: Started [] []
[2016-08-20 18:42:31] log.WARNING: Started [] []
[2016-08-20 18:44:23] log.WARNING: Started [] []
[2016-08-20 18:59:44] log.WARNING: Started [] []
[2016-08-20 19:00:15] log.WARNING: Started [] []
[2016-08-21 18:54:03] log.WARNING: Started [] []
[2016-08-21 19:00:53] log.WARNING: Started [] []
[2016-08-21 19:00:59] log.WARNING: Started [] []
